\BOOKMARK [0][-]{chapter.1}{Introduction}{}% 1
\BOOKMARK [0][-]{chapter.2}{General Hazards}{}% 2
\BOOKMARK [1][-]{section.2.1}{Radiation}{chapter.2}% 3
\BOOKMARK [1][-]{section.2.2}{Fire}{chapter.2}% 4
\BOOKMARK [1][-]{section.2.3}{Electrical Systems}{chapter.2}% 5
\BOOKMARK [1][-]{section.2.4}{Mechanical Systems}{chapter.2}% 6
\BOOKMARK [1][-]{section.2.5}{Strong Magnetic Fields}{chapter.2}% 7
\BOOKMARK [1][-]{section.2.6}{Cryogenic Fluids and Oxygen Deficiency Hazard}{chapter.2}% 8
\BOOKMARK [1][-]{section.2.7}{Vacuum and Pressure Vessels}{chapter.2}% 9
\BOOKMARK [1][-]{section.2.8}{Hazardous Materials}{chapter.2}% 10
\BOOKMARK [1][-]{section.2.9}{Lasers}{chapter.2}% 11
\BOOKMARK [0][-]{chapter.3}{Hall Specific Equipment}{}% 12
\BOOKMARK [1][-]{section.3.1}{Overview}{chapter.3}% 13
\BOOKMARK [1][-]{section.3.2}{Checking Tie-in To Machine Fast Shutdown System}{chapter.3}% 14
\BOOKMARK [1][-]{section.3.3}{Beamline}{chapter.3}% 15
\BOOKMARK [2][-]{subsection.3.3.1}{Hazards}{section.3.3}% 16
\BOOKMARK [2][-]{subsection.3.3.2}{Mitigations}{section.3.3}% 17
\BOOKMARK [2][-]{subsection.3.3.3}{Responsible personnel}{section.3.3}% 18
\BOOKMARK [1][-]{section.3.4}{HPS Chicane Magnets}{chapter.3}% 19
\BOOKMARK [2][-]{subsection.3.4.1}{Hazards}{section.3.4}% 20
\BOOKMARK [2][-]{subsection.3.4.2}{Mitigations}{section.3.4}% 21
\BOOKMARK [2][-]{subsection.3.4.3}{Responsible personnel}{section.3.4}% 22
\BOOKMARK [1][-]{section.3.5}{Target System}{chapter.3}% 23
\BOOKMARK [2][-]{subsection.3.5.1}{Hazards}{section.3.5}% 24
\BOOKMARK [2][-]{subsection.3.5.2}{Mitigations}{section.3.5}% 25
\BOOKMARK [2][-]{subsection.3.5.3}{Responsible personnel}{section.3.5}% 26
\BOOKMARK [1][-]{section.3.6}{Vacuum System}{chapter.3}% 27
\BOOKMARK [2][-]{subsection.3.6.1}{Hazards}{section.3.6}% 28
\BOOKMARK [2][-]{subsection.3.6.2}{Mitigations}{section.3.6}% 29
\BOOKMARK [2][-]{subsection.3.6.3}{Responsible personnel}{section.3.6}% 30
\BOOKMARK [1][-]{section.3.7}{Silicon Tracker}{chapter.3}% 31
\BOOKMARK [2][-]{subsection.3.7.1}{Hazards}{section.3.7}% 32
\BOOKMARK [2][-]{subsection.3.7.2}{Mitigations}{section.3.7}% 33
\BOOKMARK [2][-]{subsection.3.7.3}{Responsible personnel}{section.3.7}% 34
\BOOKMARK [1][-]{section.3.8}{Electromagnetic Calorimeter}{chapter.3}% 35
\BOOKMARK [2][-]{subsection.3.8.1}{Hazards}{section.3.8}% 36
\BOOKMARK [2][-]{subsection.3.8.2}{Mitigations}{section.3.8}% 37
\BOOKMARK [2][-]{subsection.3.8.3}{Responsible personnel}{section.3.8}% 38
\BOOKMARK [1][-]{section.3.9}{CLAS12 Construction work}{chapter.3}% 39
\BOOKMARK [2][-]{subsection.3.9.1}{Hazards}{section.3.9}% 40
\BOOKMARK [2][-]{subsection.3.9.2}{Mitigations}{section.3.9}% 41
\BOOKMARK [2][-]{subsection.3.9.3}{Responsible personnel}{section.3.9}% 42
