This is pdfTeX, Version 3.1415926-2.3-1.40.12 (TeX Live 2011/Fink) (format=pdflatex 2013.4.15)  20 OCT 2014 11:27
entering extended mode
 \write18 enabled.
 file:line:error style messages enabled.
 %&-line parsing enabled.
**"OPS Manual_svtonly.tex"
(./OPS Manual_svtonly.tex
LaTeX2e <2009/09/24>
Babel <v3.8l> and hyphenation patterns for english, dumylang, nohyphenation, ge
rman-x-2009-06-19, ngerman-x-2009-06-19, afrikaans, ancientgreek, ibycus, arabi
c, armenian, basque, bulgarian, catalan, pinyin, coptic, croatian, czech, danis
h, dutch, ukenglish, usenglishmax, esperanto, estonian, ethiopic, farsi, finnis
h, french, galician, german, ngerman, swissgerman, monogreek, greek, hungarian,
 icelandic, assamese, bengali, gujarati, hindi, kannada, malayalam, marathi, or
iya, panjabi, tamil, telugu, indonesian, interlingua, irish, italian, kurmanji,
 lao, latin, latvian, lithuanian, mongolian, mongolianlmc, bokmal, nynorsk, pol
ish, portuguese, romanian, russian, sanskrit, serbian, serbianc, slovak, sloven
ian, spanish, swedish, turkish, turkmen, ukrainian, uppersorbian, welsh, loaded
.
(/sw/share/texmf-dist/tex/latex/base/article.cls
Document Class: article 2007/10/19 v1.4h Standard LaTeX document class
(/sw/share/texmf-dist/tex/latex/base/size12.clo
File: size12.clo 2007/10/19 v1.4h Standard LaTeX file (size option)
)
\c@part=\count79
\c@section=\count80
\c@subsection=\count81
\c@subsubsection=\count82
\c@paragraph=\count83
\c@subparagraph=\count84
\c@figure=\count85
\c@table=\count86
\abovecaptionskip=\skip41
\belowcaptionskip=\skip42
\bibindent=\dimen102
)
(/sw/share/texmf-dist/tex/latex/graphics/graphicx.sty
Package: graphicx 1999/02/16 v1.0f Enhanced LaTeX Graphics (DPC,SPQR)

(/sw/share/texmf-dist/tex/latex/graphics/keyval.sty
Package: keyval 1999/03/16 v1.13 key=value parser (DPC)
\KV@toks@=\toks14
)
(/sw/share/texmf-dist/tex/latex/graphics/graphics.sty
Package: graphics 2009/02/05 v1.0o Standard LaTeX Graphics (DPC,SPQR)

(/sw/share/texmf-dist/tex/latex/graphics/trig.sty
Package: trig 1999/03/16 v1.09 sin cos tan (DPC)
)
(/sw/share/texmf-dist/tex/latex/latexconfig/graphics.cfg
File: graphics.cfg 2010/04/23 v1.9 graphics configuration of TeX Live
)
Package graphics Info: Driver file: pdftex.def on input line 91.

(/sw/share/texmf-dist/tex/latex/pdftex-def/pdftex.def
File: pdftex.def 2011/05/27 v0.06d Graphics/color for pdfTeX

(/sw/share/texmf-dist/tex/generic/oberdiek/infwarerr.sty
Package: infwarerr 2010/04/08 v1.3 Providing info/warning/message (HO)
)
(/sw/share/texmf-dist/tex/generic/oberdiek/ltxcmds.sty
Package: ltxcmds 2011/04/18 v1.20 LaTeX kernel commands for general use (HO)
)
\Gread@gobject=\count87
))
\Gin@req@height=\dimen103
\Gin@req@width=\dimen104
)
(/sw/share/texmf-dist/tex/latex/subfigure/subfigure.sty
Package: subfigure 2002/03/15 v2.1.5 subfigure package
\subfigtopskip=\skip43
\subfigcapskip=\skip44
\subfigcaptopadj=\dimen105
\subfigbottomskip=\skip45
\subfigcapmargin=\dimen106
\subfiglabelskip=\skip46
\c@subfigure=\count88
\c@lofdepth=\count89
\c@subtable=\count90
\c@lotdepth=\count91

****************************************
* Local config file subfigure.cfg used *
****************************************
(/sw/share/texmf-dist/tex/latex/subfigure/subfigure.cfg)
\subfig@top=\skip47
\subfig@bottom=\skip48
)
(./OPS Manual_svtonly.aux)
\openout1 = `"OPS Manual_svtonly.aux"'.

LaTeX Font Info:    Checking defaults for OML/cmm/m/it on input line 15.
LaTeX Font Info:    ... okay on input line 15.
LaTeX Font Info:    Checking defaults for T1/cmr/m/n on input line 15.
LaTeX Font Info:    ... okay on input line 15.
LaTeX Font Info:    Checking defaults for OT1/cmr/m/n on input line 15.
LaTeX Font Info:    ... okay on input line 15.
LaTeX Font Info:    Checking defaults for OMS/cmsy/m/n on input line 15.
LaTeX Font Info:    ... okay on input line 15.
LaTeX Font Info:    Checking defaults for OMX/cmex/m/n on input line 15.
LaTeX Font Info:    ... okay on input line 15.
LaTeX Font Info:    Checking defaults for U/cmr/m/n on input line 15.
LaTeX Font Info:    ... okay on input line 15.
 (/sw/share/texmf-dist/tex/context/base/supp-pdf.mkii
[Loading MPS to PDF converter (version 2006.09.02).]
\scratchcounter=\count92
\scratchdimen=\dimen107
\scratchbox=\box26
\nofMPsegments=\count93
\nofMParguments=\count94
\everyMPshowfont=\toks15
\MPscratchCnt=\count95
\MPscratchDim=\dimen108
\MPnumerator=\count96
\makeMPintoPDFobject=\count97
\everyMPtoPDFconversion=\toks16
) (/sw/share/texmf-dist/tex/generic/oberdiek/pdftexcmds.sty
Package: pdftexcmds 2011/04/22 v0.16 Utilities of pdfTeX for LuaTeX (HO)

(/sw/share/texmf-dist/tex/generic/oberdiek/ifluatex.sty
Package: ifluatex 2010/03/01 v1.3 Provides the ifluatex switch (HO)
Package ifluatex Info: LuaTeX not detected.
)
(/sw/share/texmf-dist/tex/generic/oberdiek/ifpdf.sty
Package: ifpdf 2011/01/30 v2.3 Provides the ifpdf switch (HO)
Package ifpdf Info: pdfTeX in PDF mode is detected.
)
Package pdftexcmds Info: LuaTeX not detected.
Package pdftexcmds Info: \pdf@primitive is available.
Package pdftexcmds Info: \pdf@ifprimitive is available.
Package pdftexcmds Info: \pdfdraftmode found.
)
(/sw/share/texmf-dist/tex/latex/oberdiek/epstopdf-base.sty
Package: epstopdf-base 2010/02/09 v2.5 Base part for package epstopdf

(/sw/share/texmf-dist/tex/latex/oberdiek/grfext.sty
Package: grfext 2010/08/19 v1.1 Managing graphics extensions (HO)

(/sw/share/texmf-dist/tex/generic/oberdiek/kvdefinekeys.sty
Package: kvdefinekeys 2011/04/07 v1.3 Defining keys (HO)
))
(/sw/share/texmf-dist/tex/latex/oberdiek/kvoptions.sty
Package: kvoptions 2010/12/23 v3.10 Keyval support for LaTeX options (HO)

(/sw/share/texmf-dist/tex/generic/oberdiek/kvsetkeys.sty
Package: kvsetkeys 2011/04/07 v1.13 Key value parser (HO)

(/sw/share/texmf-dist/tex/generic/oberdiek/etexcmds.sty
Package: etexcmds 2011/02/16 v1.5 Prefix for e-TeX command names (HO)
Package etexcmds Info: Could not find \expanded.
(etexcmds)             That can mean that you are not using pdfTeX 1.50 or
(etexcmds)             that some package has redefined \expanded.
(etexcmds)             In the latter case, load this package earlier.
)))
Package grfext Info: Graphics extension search list:
(grfext)             [.png,.pdf,.jpg,.mps,.jpeg,.jbig2,.jb2,.PNG,.PDF,.JPG,.JPE
G,.JBIG2,.JB2,.eps]
(grfext)             \AppendGraphicsExtensions on input line 452.

(/sw/share/texmf-dist/tex/latex/latexconfig/epstopdf-sys.cfg
File: epstopdf-sys.cfg 2010/07/13 v1.3 Configuration of (r)epstopdf for TeX Liv
e
))
LaTeX Font Info:    External font `cmex10' loaded for size
(Font)              <14.4> on input line 17.
LaTeX Font Info:    External font `cmex10' loaded for size
(Font)              <7> on input line 17.
LaTeX Font Info:    External font `cmex10' loaded for size
(Font)              <5> on input line 17.

<SVT.pdf, id=1, 658.46pt x 517.935pt>
File: SVT.pdf Graphic file (type pdf)
 <use SVT.pdf>
Package pdftex.def Info: SVT.pdf used on input line 25.
(pdftex.def)             Requested size: 199.16928pt x 156.66199pt.

<SVT_top.pdf, id=2, 706.64pt x 542.025pt>
File: SVT_top.pdf Graphic file (type pdf)
 <use SVT_top.pdf>
Package pdftex.def Info: SVT_top.pdf used on input line 25.
(pdftex.def)             Requested size: 199.16928pt x 152.76671pt.

Overfull \hbox (8.33856pt too wide) in paragraph at lines 25--26
 [][] 
 []

[1

{/sw/var/lib/texmf/fonts/map/pdftex/updmap/pdftex.map} <./SVT.pdf> <./SVT_top.p
df>] <L1-3_bottom.pdf, id=49, 449.85101pt x 284.88733pt>
File: L1-3_bottom.pdf Graphic file (type pdf)

<use L1-3_bottom.pdf>
Package pdftex.def Info: L1-3_bottom.pdf used on input line 38.
(pdftex.def)             Requested size: 184.9429pt x 117.12189pt.
 <SVT_Box.pdf, id=50, 722.7pt x 513.92pt>
File: SVT_Box.pdf Graphic file (type pdf)

<use SVT_Box.pdf>
Package pdftex.def Info: SVT_Box.pdf used on input line 41.
(pdftex.def)             Requested size: 184.9429pt x 131.51445pt.
 [2 <./L1-3_bottom.pdf> <./SVT_Box.pdf>]
LaTeX Font Info:    External font `cmex10' loaded for size
(Font)              <12> on input line 48.
LaTeX Font Info:    External font `cmex10' loaded for size
(Font)              <8> on input line 48.
LaTeX Font Info:    External font `cmex10' loaded for size
(Font)              <6> on input line 48.

<ec_create.png, id=91, 972.63374pt x 729.72626pt>
File: ec_create.png Graphic file (type png)
 <use ec_create.png>
Package pdftex.def Info: ec_create.png used on input line 58.
(pdftex.def)             Requested size: 284.52756pt x 213.46356pt.
 [3]
[4 <./ec_create.png>] [5]
LaTeX Font Info:    Try loading font information for OMS+cmr on input line 153.

 (/sw/share/texmf-dist/tex/latex/base/omscmr.fd
File: omscmr.fd 1999/05/25 v2.5h Standard LaTeX font definitions
)
LaTeX Font Info:    Font shape `OMS/cmr/m/n' in size <12> not available
(Font)              Font shape `OMS/cmsy/m/n' tried instead on input line 153.

[6] [7] <svt_Flange.png, id=110, 1618.045pt x 191.71625pt>
File: svt_Flange.png Graphic file (type png)

<use svt_Flange.png>
Package pdftex.def Info: svt_Flange.png used on input line 199.
(pdftex.def)             Requested size: 341.43306pt x 40.45467pt.
 <svt_FrontEnd.png, id=111, 1582.91376pt x 982.67125pt>
File: svt_FrontEnd.png Graphic file (type png)

<use svt_FrontEnd.png>
Package pdftex.def Info: svt_FrontEnd.png used on input line 203.
(pdftex.def)             Requested size: 341.43306pt x 211.95993pt.
 <svt_Status_Main.png, id=112, 1573.88pt x 778.91pt>
File: svt_Status_Main.png Graphic file (type png)

<use svt_Status_Main.png>
Package pdftex.def Info: svt_Status_Main.png used on input line 207.
(pdftex.def)             Requested size: 341.43306pt x 168.9718pt.
 <svt_HybridLV.png, id=113, 626.34pt x 238.8925pt>
File: svt_HybridLV.png Graphic file (type png)

<use svt_HybridLV.png>
Package pdftex.def Info: svt_HybridLV.png used on input line 211.
(pdftex.def)             Requested size: 341.43306pt x 130.22845pt.
 <svt_BIAS.png, id=114, 1635.10875pt x 1003.75pt>
File: svt_BIAS.png Graphic file (type png)

<use svt_BIAS.png>
Package pdftex.def Info: svt_BIAS.png used on input line 215.
(pdftex.def)             Requested size: 341.43306pt x 209.58376pt.
 <svt_alarm_gui.png, id=115, 1035.87pt x 633.36626pt>
File: svt_alarm_gui.png Graphic file (type png)

<use svt_alarm_gui.png>
Package pdftex.def Info: svt_alarm_gui.png used on input line 223.
(pdftex.def)             Requested size: 341.43306pt x 208.76024pt.
 [8 <./svt_Flange.png> <./svt_FrontEnd.png>] [9 <./svt_Status_Main.png> <./svt_
HybridLV.png>] [10 <./svt_BIAS.png> <./svt_alarm_gui.png>] <svt_interlock_diagr
am.png, id=125, 509.905pt x 266.9975pt>
File: svt_interlock_diagram.png Graphic file (type png)

<use svt_interlock_diagram.png>
Package pdftex.def Info: svt_interlock_diagram.png used on input line 290.
(pdftex.def)             Requested size: 284.52756pt x 148.992pt.
 [11]
Overfull \hbox (35.56747pt too wide) in paragraph at lines 303--304
\OT1/cmr/m/n/12 shut-down of the af-fected sup-plies or the en-tire crate us-in
g the \OT1/cmr/m/sc/12 FAST[]SHUTDOWN
 []

[12 <./svt_interlock_diagram.png>]
<cooling_diagram.pdf, id=133, 1099.85907pt x 737.00343pt>
File: cooling_diagram.pdf Graphic file (type pdf)

<use cooling_diagram.pdf>
Package pdftex.def Info: cooling_diagram.pdf used on input line 336.
(pdftex.def)             Requested size: 390.0pt x 261.32878pt.
Missing character: There is no Ó in font cmr12!
 [13] [14 <./cooling_diagram.pdf>]
<cooling_manifold.pdf, id=171, 1461.46pt x 963.6pt>
File: cooling_manifold.pdf Graphic file (type pdf)
 <use cooling_manifold.pdf>
Package pdftex.def Info: cooling_manifold.pdf used on input line 353.
(pdftex.def)             Requested size: 390.0pt x 257.13188pt.

[15] [16 <./cooling_manifold.pdf>] [17]
<Epics_svt_temps.png, id=196, 684.5575pt x 274.02374pt>
File: Epics_svt_temps.png Graphic file (type png)

<use Epics_svt_temps.png>
Package pdftex.def Info: Epics_svt_temps.png used on input line 395.
(pdftex.def)             Requested size: 312.00119pt x 124.89424pt.
 [18 <./Epics_svt_temps.png>]
Package epstopdf Info: Source file: <motion.eps>
(epstopdf)                    date: 2014-06-26 16:43:22
(epstopdf)                    size: 513811 bytes
(epstopdf)             Output file: <motion-eps-converted-to.pdf>
(epstopdf)                    date: 2014-06-26 16:47:31
(epstopdf)                    size: 65583 bytes
(epstopdf)             Command: <epstopdf --outfile=motion-eps-converted-to.pdf
 motion.eps>
(epstopdf)             \includegraphics on input line 428.
Package epstopdf Info: Output file is already uptodate.

<motion-eps-converted-to.pdf, id=200, 623.32875pt x 505.89pt>
File: motion-eps-converted-to.pdf Graphic file (type pdf)

<use motion-eps-converted-to.pdf>
Package pdftex.def Info: motion-eps-converted-to.pdf used on input line 428.
(pdftex.def)             Requested size: 426.79134pt x 346.38588pt.

Overfull \hbox (36.79134pt too wide) in paragraph at lines 428--429
 [][] 
 []

Package epstopdf Info: Source file: <WireFrame2.eps>
(epstopdf)                    date: 2014-06-26 16:43:22
(epstopdf)                    size: 482574 bytes
(epstopdf)             Output file: <WireFrame2-eps-converted-to.pdf>
(epstopdf)                    date: 2014-06-26 16:47:31
(epstopdf)                    size: 23607 bytes
(epstopdf)             Command: <epstopdf --outfile=WireFrame2-eps-converted-to
.pdf WireFrame2.eps>
(epstopdf)             \includegraphics on input line 435.
Package epstopdf Info: Output file is already uptodate.
<WireFrame2-eps-converted-to.pdf, id=201, 703.62875pt x 370.38374pt>
File: WireFrame2-eps-converted-to.pdf Graphic file (type pdf)

<use WireFrame2-eps-converted-to.pdf>
Package pdftex.def Info: WireFrame2-eps-converted-to.pdf used on input line 435
.
(pdftex.def)             Requested size: 426.79134pt x 224.65648pt.

Overfull \hbox (36.79134pt too wide) in paragraph at lines 435--436
 [][] 
 []

[19] [20 <./motion-eps-converted-to.pdf>]
Package epstopdf Info: Source file: <mover.eps>
(epstopdf)                    date: 2014-06-26 16:43:22
(epstopdf)                    size: 557948 bytes
(epstopdf)             Output file: <mover-eps-converted-to.pdf>
(epstopdf)                    date: 2014-06-26 16:47:32
(epstopdf)                    size: 107306 bytes
(epstopdf)             Command: <epstopdf --outfile=mover-eps-converted-to.pdf 
mover.eps>
(epstopdf)             \includegraphics on input line 459.
Package epstopdf Info: Output file is already uptodate.

<mover-eps-converted-to.pdf, id=212, 567.11874pt x 430.60875pt>
File: mover-eps-converted-to.pdf Graphic file (type pdf)

<use mover-eps-converted-to.pdf>
Package pdftex.def Info: mover-eps-converted-to.pdf used on input line 459.
(pdftex.def)             Requested size: 284.52756pt x 216.04631pt.
 [21 <./WireFrame2-eps-converted-to.pdf>]
[22 <./mover-eps-converted-to.pdf>]
Package epstopdf Info: Source file: <WireScannerGUI.eps>
(epstopdf)                    date: 2014-06-26 16:43:22
(epstopdf)                    size: 643592 bytes
(epstopdf)             Output file: <WireScannerGUI-eps-converted-to.pdf>
(epstopdf)                    date: 2014-06-26 16:47:32
(epstopdf)                    size: 126928 bytes
(epstopdf)             Command: <epstopdf --outfile=WireScannerGUI-eps-converte
d-to.pdf WireScannerGUI.eps>
(epstopdf)             \includegraphics on input line 506.
Package epstopdf Info: Output file is already uptodate.

<WireScannerGUI-eps-converted-to.pdf, id=229, 590.205pt x 393.47pt>
File: WireScannerGUI-eps-converted-to.pdf Graphic file (type pdf)

<use WireScannerGUI-eps-converted-to.pdf>
Package pdftex.def Info: WireScannerGUI-eps-converted-to.pdf used on input line
 506.
(pdftex.def)             Requested size: 284.52756pt x 189.68597pt.
 [23 <./WireScannerGUI-eps-converted-to.pdf>] (./OPS Manual_svtonly.aux) ) 
Here is how much of TeX's memory you used:
 1768 strings out of 493633
 25519 string characters out of 3149115
 80056 words of memory out of 3000000
 5048 multiletter control sequences out of 15000+200000
 9278 words of font info for 33 fonts, out of 3000000 for 9000
 831 hyphenation exceptions out of 8191
 38i,11n,24p,1269b,294s stack positions out of 5000i,500n,10000p,200000b,50000s
</sw/
share/texmf-dist/fonts/type1/public/amsfonts/cm/cmbx12.pfb></sw/share/texmf-dis
t/fonts/type1/public/amsfonts/cm/cmcsc10.pfb></sw/share/texmf-dist/fonts/type1/
public/amsfonts/cm/cmmi12.pfb></sw/share/texmf-dist/fonts/type1/public/amsfonts
/cm/cmr10.pfb></sw/share/texmf-dist/fonts/type1/public/amsfonts/cm/cmr12.pfb></
sw/share/texmf-dist/fonts/type1/public/amsfonts/cm/cmr17.pfb></sw/share/texmf-d
ist/fonts/type1/public/amsfonts/cm/cmsy10.pfb></sw/share/texmf-dist/fonts/type1
/public/amsfonts/cm/cmsy7.pfb></sw/share/texmf-dist/fonts/type1/public/amsfonts
/cm/cmsy8.pfb></sw/share/texmf-dist/fonts/type1/public/amsfonts/cm/cmtt12.pfb>
Output written on "OPS Manual_svtonly.pdf" (23 pages, 7853626 bytes).
PDF statistics:
 269 PDF objects out of 1000 (max. 8388607)
 178 compressed objects within 2 object streams
 0 named destinations out of 1000 (max. 500000)
 96 words of extra memory for PDF output out of 10000 (max. 10000000)

