\BOOKMARK [1][-]{section.1}{Preface}{}% 1
\BOOKMARK [1][-]{section.2}{Documentation}{}% 2
\BOOKMARK [1][-]{section.3}{Shift Personnel Training}{}% 3
\BOOKMARK [1][-]{section.4}{ Organization and Administration}{}% 4
\BOOKMARK [2][-]{subsection.4.1}{Run Coordinator}{section.4}% 5
\BOOKMARK [2][-]{subsection.4.2}{Physics Division Liaison}{section.4}% 6
\BOOKMARK [2][-]{subsection.4.3}{Hall Work Coordinator}{section.4}% 7
\BOOKMARK [2][-]{subsection.4.4}{Shift Leader}{section.4}% 8
\BOOKMARK [2][-]{subsection.4.5}{Shift Member}{section.4}% 9
\BOOKMARK [2][-]{subsection.4.6}{Accelerator Operations Hall Liaison}{section.4}% 10
\BOOKMARK [2][-]{subsection.4.7}{Accelerator Physicist Liaison}{section.4}% 11
\BOOKMARK [2][-]{subsection.4.8}{Engineering Liaison}{section.4}% 12
\BOOKMARK [1][-]{section.5}{Operating Procedures}{}% 13
\BOOKMARK [2][-]{subsection.5.1}{Shift Routines}{section.5}% 14
\BOOKMARK [3][-]{subsubsection.5.1.1}{Operating Shifts}{subsection.5.1}% 15
\BOOKMARK [3][-]{subsubsection.5.1.2}{Standby Shifts}{subsection.5.1}% 16
\BOOKMARK [3][-]{subsubsection.5.1.3}{Operations Turnover}{subsection.5.1}% 17
\BOOKMARK [3][-]{subsubsection.5.1.4}{Timely Orders to Operators}{subsection.5.1}% 18
\BOOKMARK [3][-]{subsubsection.5.1.5}{Operator Aid Postings}{subsection.5.1}% 19
\BOOKMARK [2][-]{subsection.5.2}{Hall Access}{section.5}% 20
\BOOKMARK [2][-]{subsection.5.3}{Collaboration Request for Laboratory Resources}{section.5}% 21
\BOOKMARK [2][-]{subsection.5.4}{Scheduling of Work by Outside Groups }{section.5}% 22
\BOOKMARK [2][-]{subsection.5.5}{Control of Equipment and System Status}{section.5}% 23
\BOOKMARK [2][-]{subsection.5.6}{Equipment Labeling}{section.5}% 24
\BOOKMARK [2][-]{subsection.5.7}{Independent Verification}{section.5}% 25
\BOOKMARK [2][-]{subsection.5.8}{Logkeeping}{section.5}% 26
